
ACE v2.1 

  instance
    name:PyCSP

  Loading variables...

  Loading constraints...

  domains
    types:1  values:600  sizes:[5:120]
  variables
    count:120  arrays:1  degrees:[81:4,82:78,83:38]
  constraints
    count:2384  specific:44  groups:2  arities:[4:2340,6:39,40:3,80:2]
    distribution:[Cardinality:3,ConstraintIntension:2340,LexicographicLE:41]
    intStructures:(1,shared:2339)
    wck:1.81  cpu:0.75  mem:57M898

  Building solver... 

  solver
    guaranteedAC:true
    wck:1.86  cpu:0.765  mem:59M995

  preprocessing
    revisions:(9360,useless=9360)  values:600  unsat:false
    wck:0.052  cpu:0.765  mem:59M995

    run0  dpts:0..35  effs:810  fails:7  wrgs:43  wck:0.00

  global
    effs:810  revisions:(184730,useless=184641)
    stop:FULL_EXPLORATION  wrgs:43
    wck:2.13  cpu:0.812  mem:62M92

s UNSATISFIABLE

d WRONG DECISIONS 43
d FOUND SOLUTIONS 0
d COMPLETE EXPLORATION

c real time : 0.812
